<?xml version="1.0" encoding="UTF-8"?>
<!-- Generated by org.testng.reporters.JUnitReportReporter -->
<testsuite skipped="0" hostname="DESKTOP-BPU89PK" name="util.BrowserFactory" tests="1" failures="0" timestamp="2021-10-17T18:27:20 CDT" time="4.395" errors="0">
  <testcase name="init" time="4.395" classname="util.BrowserFactory"/>
  <system-out/>
</testsuite> <!-- util.BrowserFactory -->
