<?xml version="1.0" encoding="UTF-8"?>
<!-- Generated by org.testng.reporters.JUnitReportReporter -->
<testsuite skipped="0" hostname="DESKTOP-BPU89PK" name="test.AddCategoryTest" tests="1" failures="0" timestamp="2021-10-23T21:42:45 CDT" time="5.147" errors="0">
  <testcase name="validateUserIsAbleToAddCategory" time="5.147" classname="test.AddCategoryTest"/>
  <system-out/>
</testsuite> <!-- test.AddCategoryTest -->
