<?xml version="1.0" encoding="UTF-8"?>
<!-- Generated by org.testng.reporters.JUnitReportReporter -->
<testsuite skipped="0" hostname="DESKTOP-BPU89PK" name="test.DueDateDropdownTest" tests="1" failures="0" timestamp="2021-10-23T21:49:12 CDT" time="4.975" errors="0">
  <testcase name="validateMonthsinDueDateDropdown" time="4.975" classname="test.DueDateDropdownTest"/>
  <system-out/>
</testsuite> <!-- test.DueDateDropdownTest -->
